<?xml version="1.0" encoding="UTF-8"?>
<coverage generated="1709820468">
  <project timestamp="1709820468">
    <file name="/home/luc/Bureau/php_api/Api/src/Collections/StepsCollection.php">
      <class name="App\Collections\StepsCollection" namespace="global">
        <metrics complexity="23" methods="9" coveredmethods="8" conditionals="0" coveredconditionals="0" statements="37" coveredstatements="36" elements="46" coveredelements="44"/>
      </class>
      <line num="34" type="method" name="__construct" visibility="public" complexity="8" crap="8.01" count="8"/>
      <line num="36" type="stmt" count="8"/>
      <line num="37" type="stmt" count="1"/>
      <line num="39" type="stmt" count="7"/>
      <line num="40" type="stmt" count="7"/>
      <line num="41" type="stmt" count="7"/>
      <line num="43" type="stmt" count="7"/>
      <line num="44" type="stmt" count="1"/>
      <line num="46" type="stmt" count="6"/>
      <line num="47" type="stmt" count="0"/>
      <line num="50" type="stmt" count="6"/>
      <line num="51" type="stmt" count="6"/>
      <line num="53" type="stmt" count="6"/>
      <line num="54" type="stmt" count="6"/>
      <line num="57" type="stmt" count="6"/>
      <line num="59" type="stmt" count="6"/>
      <line num="60" type="stmt" count="6"/>
      <line num="61" type="stmt" count="6"/>
      <line num="72" type="method" name="extractCity" visibility="public" complexity="1" crap="1" count="6"/>
      <line num="74" type="stmt" count="6"/>
      <line num="81" type="method" name="findDeparture" visibility="public" complexity="3" crap="3" count="4"/>
      <line num="83" type="stmt" count="4"/>
      <line num="84" type="stmt" count="4"/>
      <line num="85" type="stmt" count="3"/>
      <line num="89" type="stmt" count="1"/>
      <line num="105" type="method" name="findNextStep" visibility="public" complexity="3" crap="3" count="3"/>
      <line num="107" type="stmt" count="3"/>
      <line num="108" type="stmt" count="3"/>
      <line num="109" type="stmt" count="3"/>
      <line num="112" type="stmt" count="3"/>
      <line num="125" type="method" name="createItinerary" visibility="public" complexity="4" crap="4" count="4"/>
      <line num="127" type="stmt" count="4"/>
      <line num="128" type="stmt" count="4"/>
      <line num="129" type="stmt" count="4"/>
      <line num="130" type="stmt" count="4"/>
      <line num="132" type="stmt" count="3"/>
      <line num="133" type="stmt" count="3"/>
      <line num="135" type="stmt" count="4"/>
      <line num="143" type="method" name="offsetExists" visibility="public" complexity="1" crap="1" count="1"/>
      <line num="145" type="stmt" count="1"/>
      <line num="153" type="method" name="offsetGet" visibility="public" complexity="1" crap="1" count="1"/>
      <line num="155" type="stmt" count="1"/>
      <line num="165" type="method" name="offsetSet" visibility="public" complexity="1" crap="1" count="2"/>
      <line num="167" type="stmt" count="2"/>
      <line num="175" type="method" name="offsetUnset" visibility="public" complexity="1" crap="1" count="1"/>
      <line num="177" type="stmt" count="1"/>
      <metrics loc="179" ncloc="101" classes="1" methods="9" coveredmethods="8" conditionals="0" coveredconditionals="0" statements="37" coveredstatements="36" elements="46" coveredelements="44"/>
    </file>
    <file name="/home/luc/Bureau/php_api/Api/src/Controllers/StepsController.php">
      <class name="App\Controllers\StepsController" namespace="global">
        <metrics complexity="7" methods="4" coveredmethods="4" conditionals="0" coveredconditionals="0" statements="27" coveredstatements="27" elements="31" coveredelements="31"/>
      </class>
      <line num="25" type="method" name="index" visibility="public" complexity="2" crap="2" count="2"/>
      <line num="29" type="stmt" count="2"/>
      <line num="30" type="stmt" count="1"/>
      <line num="31" type="stmt" count="1"/>
      <line num="32" type="stmt" count="1"/>
      <line num="33" type="stmt" count="1"/>
      <line num="34" type="stmt" count="1"/>
      <line num="35" type="stmt" count="1"/>
      <line num="36" type="stmt" count="1"/>
      <line num="37" type="stmt" count="1"/>
      <line num="38" type="stmt" count="1"/>
      <line num="40" type="stmt" count="1"/>
      <line num="42" type="stmt" count="1"/>
      <line num="43" type="stmt" count="1"/>
      <line num="44" type="stmt" count="1"/>
      <line num="45" type="stmt" count="1"/>
      <line num="46" type="stmt" count="1"/>
      <line num="47" type="stmt" count="1"/>
      <line num="48" type="stmt" count="1"/>
      <line num="58" type="method" name="getData" visibility="public" complexity="3" crap="3" count="4"/>
      <line num="60" type="stmt" count="4"/>
      <line num="61" type="stmt" count="4"/>
      <line num="62" type="stmt" count="1"/>
      <line num="64" type="stmt" count="3"/>
      <line num="65" type="stmt" count="3"/>
      <line num="66" type="stmt" count="1"/>
      <line num="68" type="stmt" count="2"/>
      <line num="71" type="method" name="exists" visibility="public" complexity="1" crap="1" count="3"/>
      <line num="72" type="stmt" count="3"/>
      <line num="75" type="method" name="getContents" visibility="public" complexity="1" crap="1" count="2"/>
      <line num="76" type="stmt" count="2"/>
      <metrics loc="78" ncloc="56" classes="1" methods="4" coveredmethods="4" conditionals="0" coveredconditionals="0" statements="27" coveredstatements="27" elements="31" coveredelements="31"/>
    </file>
    <file name="/home/luc/Bureau/php_api/Api/src/Models/Step.php">
      <class name="App\Models\Step" namespace="global">
        <metrics complexity="12" methods="12" coveredmethods="12" conditionals="0" coveredconditionals="0" statements="12" coveredstatements="12" elements="24" coveredelements="24"/>
      </class>
      <line num="59" type="method" name="getId" visibility="public" complexity="1" crap="1" count="1"/>
      <line num="61" type="stmt" count="1"/>
      <line num="71" type="method" name="setId" visibility="public" complexity="1" crap="1" count="7"/>
      <line num="73" type="stmt" count="7"/>
      <line num="81" type="method" name="getDeparture" visibility="public" complexity="1" crap="1" count="4"/>
      <line num="83" type="stmt" count="4"/>
      <line num="93" type="method" name="setDeparture" visibility="public" complexity="1" crap="1" count="6"/>
      <line num="95" type="stmt" count="6"/>
      <line num="103" type="method" name="getArrival" visibility="public" complexity="1" crap="1" count="6"/>
      <line num="105" type="stmt" count="6"/>
      <line num="115" type="method" name="setArrival" visibility="public" complexity="1" crap="1" count="6"/>
      <line num="117" type="stmt" count="6"/>
      <line num="125" type="method" name="getTransport" visibility="public" complexity="1" crap="1" count="1"/>
      <line num="127" type="stmt" count="1"/>
      <line num="137" type="method" name="setTransport" visibility="public" complexity="1" crap="1" count="6"/>
      <line num="139" type="stmt" count="6"/>
      <line num="147" type="method" name="getSeat" visibility="public" complexity="1" crap="1" count="1"/>
      <line num="149" type="stmt" count="1"/>
      <line num="159" type="method" name="setSeat" visibility="public" complexity="1" crap="1" count="6"/>
      <line num="161" type="stmt" count="6"/>
      <line num="168" type="method" name="getBaggage" visibility="public" complexity="1" crap="1" count="1"/>
      <line num="170" type="stmt" count="1"/>
      <line num="179" type="method" name="setBaggage" visibility="public" complexity="1" crap="1" count="5"/>
      <line num="181" type="stmt" count="5"/>
      <metrics loc="184" ncloc="77" classes="1" methods="12" coveredmethods="12" conditionals="0" coveredconditionals="0" statements="12" coveredstatements="12" elements="24" coveredelements="24"/>
    </file>
    <metrics files="3" loc="441" ncloc="234" classes="3" methods="25" coveredmethods="24" conditionals="0" coveredconditionals="0" statements="76" coveredstatements="75" elements="101" coveredelements="99"/>
  </project>
</coverage>
